<?xml version="1.0" encoding="UTF-8"?>
<testng-results ignored="0" total="1" passed="1" failed="0" skipped="0">
  <reporter-output>
  </reporter-output>
  <suite started-at="2023-10-31T20:24:06 IST" name="Default suite" finished-at="2023-10-31T20:24:51 IST" duration-ms="45078">
    <groups>
      <group name="SmokeSuite">
        <method signature="CreateOrgWithBaseClass.createOrg()[pri:0, instance:practice.CreateOrgWithBaseClass@221a3fa4]" name="createOrg" class="practice.CreateOrgWithBaseClass"/>
      </group> <!-- SmokeSuite -->
    </groups>
    <test started-at="2023-10-31T20:24:06 IST" name="Default test" finished-at="2023-10-31T20:24:51 IST" duration-ms="45078">
      <class name="practice.CreateOrgWithBaseClass">
        <test-method is-config="true" signature="bsConfig()[pri:0, instance:practice.CreateOrgWithBaseClass@221a3fa4]" started-at="2023-10-31T20:24:06 IST" name="bsConfig" finished-at="2023-10-31T20:24:06 IST" duration-ms="12" status="PASS">
          <reporter-output>
          </reporter-output>
        </test-method> <!-- bsConfig -->
        <test-method is-config="true" signature="bcConfig()[pri:0, instance:practice.CreateOrgWithBaseClass@221a3fa4]" started-at="2023-10-31T20:24:06 IST" name="bcConfig" finished-at="2023-10-31T20:24:13 IST" duration-ms="6373" status="PASS">
          <reporter-output>
          </reporter-output>
        </test-method> <!-- bcConfig -->
        <test-method is-config="true" signature="bmConfig()[pri:0, instance:practice.CreateOrgWithBaseClass@221a3fa4]" started-at="2023-10-31T20:24:13 IST" name="bmConfig" finished-at="2023-10-31T20:24:17 IST" duration-ms="4448" status="PASS">
          <reporter-output>
          </reporter-output>
        </test-method> <!-- bmConfig -->
        <test-method signature="createOrg()[pri:0, instance:practice.CreateOrgWithBaseClass@221a3fa4]" started-at="2023-10-31T20:24:17 IST" name="createOrg" finished-at="2023-10-31T20:24:46 IST" duration-ms="29084" status="PASS">
          <reporter-output>
          </reporter-output>
        </test-method> <!-- createOrg -->
        <test-method is-config="true" signature="amConfig()[pri:0, instance:practice.CreateOrgWithBaseClass@221a3fa4]" started-at="2023-10-31T20:24:46 IST" name="amConfig" finished-at="2023-10-31T20:24:51 IST" duration-ms="4786" status="PASS">
          <reporter-output>
          </reporter-output>
        </test-method> <!-- amConfig -->
        <test-method is-config="true" signature="acConfig()[pri:0, instance:practice.CreateOrgWithBaseClass@221a3fa4]" started-at="2023-10-31T20:24:51 IST" name="acConfig" finished-at="2023-10-31T20:24:51 IST" duration-ms="325" status="PASS">
          <reporter-output>
          </reporter-output>
        </test-method> <!-- acConfig -->
        <test-method is-config="true" signature="asConfig()[pri:0, instance:practice.CreateOrgWithBaseClass@221a3fa4]" started-at="2023-10-31T20:24:51 IST" name="asConfig" finished-at="2023-10-31T20:24:51 IST" duration-ms="0" status="PASS">
          <reporter-output>
          </reporter-output>
        </test-method> <!-- asConfig -->
      </class> <!-- practice.CreateOrgWithBaseClass -->
    </test> <!-- Default test -->
  </suite> <!-- Default suite -->
</testng-results>
