<?xml version="1.0" encoding="UTF-8"?>
<testng-results ignored="0" total="1" passed="1" failed="0" skipped="0">
  <reporter-output>
  </reporter-output>
  <suite started-at="2023-10-25T20:07:30 IST" name="Default suite" finished-at="2023-10-25T20:07:30 IST" duration-ms="66">
    <groups>
    </groups>
    <test started-at="2023-10-25T20:07:30 IST" name="Default test" finished-at="2023-10-25T20:07:30 IST" duration-ms="66">
      <class name="practice.LoadDataFromCmdLine">
        <test-method signature="test1()[pri:0, instance:practice.LoadDataFromCmdLine@202b0582]" started-at="2023-10-25T20:07:30 IST" name="test1" finished-at="2023-10-25T20:07:30 IST" duration-ms="10" status="PASS">
          <reporter-output>
          </reporter-output>
        </test-method> <!-- test1 -->
      </class> <!-- practice.LoadDataFromCmdLine -->
    </test> <!-- Default test -->
  </suite> <!-- Default suite -->
</testng-results>
